<?xml version="1.0" encoding="UTF-8"?>
<testsuite name="edu.coursera.parallel.ReciprocalArraySumTest" time="68.338" tests="4" errors="0" skipped="0" failures="1">
  <properties>
[...]
</properties>
  <testcase name="testParSimpleTwoMillion" classname="edu.coursera.parallel.ReciprocalArraySumTest" time="0.389"/>
  <testcase name="testParSimpleTwoHundredMillion" classname="edu.coursera.parallel.ReciprocalArraySumTest" time="34.989"/>
  <testcase name="testParManyTaskTwoMillion" classname="edu.coursera.parallel.ReciprocalArraySumTest" time="0.33"/>
  <testcase name="testParManyTaskTwoHundredMillion" classname="edu.coursera.parallel.ReciprocalArraySumTest" time="32.63">
    <failure message="It was expected that the many-task parallel implementation would run at least 3.200000x faster, but it only achieved 2.077419x speedup" type="junit.framework.AssertionFailedError">junit.framework.AssertionFailedError: It was expected that the many-task parallel implementation would run at least 3.200000x faster, but it only achieved 2.077419x speedup
	at junit.framework.Assert.fail(Assert.java:47)
	at junit.framework.Assert.assertTrue(Assert.java:20)
	at edu.coursera.parallel.ReciprocalArraySumTest.testParManyTaskTwoHundredMillion(ReciprocalArraySumTest.java:154)
</failure>
  </testcase>
</testsuite>