[0m[[0mdebug[0m] [0mRunning TaskDef(forcomp.AnagramsSuite, org.scalatest.tools.Framework$$anon$1@60407da9, false, [SuiteSelector])[0m
[0m[[0minfo[0m] [0m[36mRun completed in 384 milliseconds.[0m[0m
[0m[[0minfo[0m] [0m[36mTotal number of tests run: 11[0m[0m
[0m[[0minfo[0m] [0m[36mSuites: completed 1, aborted 0[0m[0m
[0m[[0minfo[0m] [0m[36mTests: succeeded 6, failed 5, canceled 0, ignored 0, pending 0[0m[0m
[0m[[0minfo[0m] [0m[31m*** 5 TESTS FAILED ***[0m[0m
[0m[[31merror[0m] [0mFailed tests:[0m
[0m[[31merror[0m] [0m	forcomp.AnagramsSuite[0m
[0m[[31merror[0m] [0m(test:[31mtest[0m) sbt.TestsFailedException: Tests unsuccessful[0m
