<?xml version='1.0' encoding='UTF-8'?>
<testsuite hostname="pop-os" name="patmat.HuffmanSuite" tests="3" errors="0" failures="0" skipped="0" time="0.01">
                     <properties>
[...]
</properties>
                     <testcase classname="patmat.HuffmanSuite" name="weight of a larger tree" time="0.009">
                                                 
                                               </testcase><testcase classname="patmat.HuffmanSuite" name="chars of a larger tree" time="0.001">
                                                 
                                               </testcase><testcase classname="patmat.HuffmanSuite" name="string2chars(&quot;hello, world&quot;)" time="0.0">
                                                 
                                               </testcase>
                     <system-out></system-out>
                     <system-err></system-err>
                   </testsuite>